<?xml version="1.0" encoding="UTF-8"?>
<!-- Generated by org.testng.reporters.JUnitReportReporter -->
<testsuite hostname="LAPCN-i-nhat-ttq" failures="0" tests="1" name="search.SearchTests" time="16.738" errors="0" timestamp="2022-08-22T14:50:58 ICT" skipped="0">
  <testcase classname="search.SearchTests" name="testSuccessSearch" time="16.738"/>
  <system-out/>
</testsuite> <!-- search.SearchTests -->
